C:\USERS\MINA\DOCUMENTS\VISUAL STUDIO 2012\PROJECTS\MERRY CHRISTMAS\MERRY CHRISTMAS\DEBUG\MAIN.OBJ
C:\USERS\MINA\DOCUMENTS\VISUAL STUDIO 2012\PROJECTS\MERRY CHRISTMAS\MERRY CHRISTMAS\DEBUG\VC110.PDB
C:\USERS\MINA\DOCUMENTS\VISUAL STUDIO 2012\PROJECTS\MERRY CHRISTMAS\DEBUG\MERRY CHRISTMAS.ILK
C:\USERS\MINA\DOCUMENTS\VISUAL STUDIO 2012\PROJECTS\MERRY CHRISTMAS\DEBUG\MERRY CHRISTMAS.EXE
C:\USERS\MINA\DOCUMENTS\VISUAL STUDIO 2012\PROJECTS\MERRY CHRISTMAS\DEBUG\MERRY CHRISTMAS.PDB
C:\Users\Mina\Documents\Visual Studio 2012\Projects\Merry Christmas\Merry Christmas\Debug\main.obj
C:\Users\Mina\Documents\Visual Studio 2012\Projects\Merry Christmas\Merry Christmas\Debug\cl.command.1.tlog
C:\Users\Mina\Documents\Visual Studio 2012\Projects\Merry Christmas\Merry Christmas\Debug\CL.read.1.tlog
C:\Users\Mina\Documents\Visual Studio 2012\Projects\Merry Christmas\Merry Christmas\Debug\CL.write.1.tlog
C:\Users\Mina\Documents\Visual Studio 2012\Projects\Merry Christmas\Merry Christmas\Debug\link-cvtres.read.1.tlog
C:\Users\Mina\Documents\Visual Studio 2012\Projects\Merry Christmas\Merry Christmas\Debug\link-cvtres.write.1.tlog
C:\Users\Mina\Documents\Visual Studio 2012\Projects\Merry Christmas\Merry Christmas\Debug\link-rc.read.1.tlog
C:\Users\Mina\Documents\Visual Studio 2012\Projects\Merry Christmas\Merry Christmas\Debug\link-rc.write.1.tlog
C:\Users\Mina\Documents\Visual Studio 2012\Projects\Merry Christmas\Merry Christmas\Debug\link.1072-cvtres.read.1.tlog
C:\Users\Mina\Documents\Visual Studio 2012\Projects\Merry Christmas\Merry Christmas\Debug\link.1072-cvtres.write.1.tlog
C:\Users\Mina\Documents\Visual Studio 2012\Projects\Merry Christmas\Merry Christmas\Debug\link.1072-rc.read.1.tlog
C:\Users\Mina\Documents\Visual Studio 2012\Projects\Merry Christmas\Merry Christmas\Debug\link.1072-rc.write.1.tlog
C:\Users\Mina\Documents\Visual Studio 2012\Projects\Merry Christmas\Merry Christmas\Debug\link.1072.read.1.tlog
C:\Users\Mina\Documents\Visual Studio 2012\Projects\Merry Christmas\Merry Christmas\Debug\link.1072.write.1.tlog
C:\Users\Mina\Documents\Visual Studio 2012\Projects\Merry Christmas\Merry Christmas\Debug\link.5544-cvtres.read.1.tlog
C:\Users\Mina\Documents\Visual Studio 2012\Projects\Merry Christmas\Merry Christmas\Debug\link.5544-cvtres.write.1.tlog
C:\Users\Mina\Documents\Visual Studio 2012\Projects\Merry Christmas\Merry Christmas\Debug\link.5544-rc.read.1.tlog
C:\Users\Mina\Documents\Visual Studio 2012\Projects\Merry Christmas\Merry Christmas\Debug\link.5544-rc.write.1.tlog
C:\Users\Mina\Documents\Visual Studio 2012\Projects\Merry Christmas\Merry Christmas\Debug\link.5544.read.1.tlog
C:\Users\Mina\Documents\Visual Studio 2012\Projects\Merry Christmas\Merry Christmas\Debug\link.5544.write.1.tlog
C:\Users\Mina\Documents\Visual Studio 2012\Projects\Merry Christmas\Merry Christmas\Debug\link.7352-cvtres.read.1.tlog
C:\Users\Mina\Documents\Visual Studio 2012\Projects\Merry Christmas\Merry Christmas\Debug\link.7352-cvtres.write.1.tlog
C:\Users\Mina\Documents\Visual Studio 2012\Projects\Merry Christmas\Merry Christmas\Debug\link.7352-rc.read.1.tlog
C:\Users\Mina\Documents\Visual Studio 2012\Projects\Merry Christmas\Merry Christmas\Debug\link.7352-rc.write.1.tlog
C:\Users\Mina\Documents\Visual Studio 2012\Projects\Merry Christmas\Merry Christmas\Debug\link.7352.read.1.tlog
C:\Users\Mina\Documents\Visual Studio 2012\Projects\Merry Christmas\Merry Christmas\Debug\link.7352.write.1.tlog
C:\Users\Mina\Documents\Visual Studio 2012\Projects\Merry Christmas\Merry Christmas\Debug\link.command.1.tlog
C:\Users\Mina\Documents\Visual Studio 2012\Projects\Merry Christmas\Merry Christmas\Debug\link.read.1.tlog
C:\Users\Mina\Documents\Visual Studio 2012\Projects\Merry Christmas\Merry Christmas\Debug\link.write.1.tlog
C:\Users\Mina\Documents\Visual Studio 2012\Projects\Merry Christmas\Merry Christmas\Debug\vc110.idb
C:\Users\Mina\Documents\Visual Studio 2012\Projects\Merry Christmas\Merry Christmas\Debug\vc110.pdb
C:\Users\Mina\Documents\Visual Studio 2012\Projects\Merry Christmas\Debug\Merry Christmas.pdb
C:\Users\Mina\Documents\Visual Studio 2012\Projects\Merry Christmas\Debug\Merry Christmas.exe
C:\Users\Mina\Documents\Visual Studio 2012\Projects\Merry Christmas\Debug\Merry Christmas.ilk
